<?xml version="1.0" encoding="utf-8"?><testsuites><testsuite errors="0" failures="0" hostname="danilo" name="pytest" skipped="0" tests="10" time="0.778" timestamp="2020-06-21T04:17:13.742613"><testcase classname="test_submit" file="test_submit.py" line="3" name="test_q1" time="0.000"></testcase><testcase classname="test_submit" file="test_submit.py" line="9" name="test_q2" time="0.030"></testcase><testcase classname="test_submit" file="test_submit.py" line="15" name="test_q3" time="0.004"></testcase><testcase classname="test_submit" file="test_submit.py" line="21" name="test_q4" time="0.001"></testcase><testcase classname="test_submit" file="test_submit.py" line="27" name="test_q5" time="0.068"></testcase><testcase classname="test_submit" file="test_submit.py" line="33" name="test_q6" time="0.071"></testcase><testcase classname="test_submit" file="test_submit.py" line="39" name="test_q7" time="0.005"></testcase><testcase classname="test_submit" file="test_submit.py" line="45" name="test_q8" time="0.151"></testcase><testcase classname="test_submit" file="test_submit.py" line="51" name="test_q9" time="0.034"></testcase><testcase classname="test_submit" file="test_submit.py" line="57" name="test_q10" time="0.007"></testcase></testsuite></testsuites>